10:00:15 00102 INFO: Converting BPMN pathway GestationalDiabetes.bpmn to json...
10:00:15 00103 INFO: Initial node created: Birth
10:00:15 00103 INFO: Simple node created: GenderDecision
10:00:15 00103 INFO: Simple node created: CheckHasOneChild
10:00:15 00103 INFO: Simple node created: ConceiveFirstChild
10:00:15 00103 INFO: Simple node created: GPvisit
10:00:15 00103 INFO: Simple node created: FirstAntenatal
10:00:15 00103 INFO: Delay node created: Wait4Conception "Wait for Conception"
10:00:15 00103 INFO: Delay node created: WaitToSeeGP "Wait to See GP"
10:00:15 00103 INFO: Delay node created: Wait2SeeMidwife "Wait to see midwife"
10:00:15 00103 INFO: Terminal node created: Childless
10:00:15 00103 INFO: Terminal node created: Finish
10:00:15 00103 INFO: Terminal node created: Male
10:00:15 00105 INFO: Direct Transition for Birth added: GenderDecision
10:00:15 00105 INFO: Conditional Transition for GenderDecision added: p['Gender']p['Gender']'Male'Male
10:00:15 00105 INFO: Conditional Transition for GenderDecision added: p['Gender']p['Gender']'Female'Wait4Conception
10:00:15 00105 INFO: Direct Transition for Wait4Conception added: CheckHasOneChild
10:00:15 00105 INFO: Conditional Transition for CheckHasOneChild added: p['HasFirstChild']p['HasFirstChild']TrueConceiveFirstChild
10:00:15 00105 INFO: Conditional Transition for CheckHasOneChild added: p['HasFirstChild']p['HasFirstChild']FalseChildless
10:00:15 00105 INFO: Direct Transition for ConceiveFirstChild added: WaitToSeeGP
10:00:15 00105 INFO: Direct Transition for WaitToSeeGP added: GPvisit
10:00:15 00105 INFO: Direct Transition for GPvisit added: Wait2SeeMidwife
10:00:15 00105 INFO: Direct Transition for Wait2SeeMidwife added: FirstAntenatal
10:00:15 00105 INFO: Direct Transition for FirstAntenatal added: Finish
10:00:15 NOTE  Looking for attributes from setAttribute for GestationalDiabetes Birth
10:00:15 NOTE  Adding attribute from setAttribute for GestationalDiabetes Birth
10:00:15 NOTE  Looking for attributes from setAttribute for GestationalDiabetes Birth
10:00:15 NOTE  Adding attribute from setAttribute for GestationalDiabetes Birth
10:00:15 NOTE  Looking for attributes from setAttribute for GestationalDiabetes GPvisit
10:00:15 NOTE  Adding attribute from setAttribute for GestationalDiabetes GPvisit
10:00:15 NOTE  Looking for attributes from setAttribute for GestationalDiabetes Birth
10:00:15 NOTE  Adding attribute from setAttribute for GestationalDiabetes Birth
10:00:15 NOTE  Looking for attributes from setAttribute for GestationalDiabetes Birth
10:00:15 NOTE  Adding attribute from setAttribute for GestationalDiabetes Birth
10:00:15 NOTE  Looking for attributes from setAttribute for GestationalDiabetes Birth
10:00:15 NOTE  Adding attribute from setAttribute for GestationalDiabetes Birth
10:00:15 NOTE  Looking for attributes from setAttribute for GestationalDiabetes GPvisit
10:00:15 NOTE  Adding attribute from setAttribute for GestationalDiabetes GPvisit
10:00:15 NOTE  Looking for attributes from setAttribute for GestationalDiabetes GPvisit
10:00:15 NOTE  Adding attribute from setAttribute for GestationalDiabetes GPvisit
10:00:15 NOTE  Looking for attributes from setAttribute for GestationalDiabetes Birth
10:00:15 NOTE  Adding attribute from setAttribute for GestationalDiabetes Birth
10:00:15 NOTE  Looking for attributes from setAttribute for GestationalDiabetes Birth
10:00:15 NOTE  Adding attribute from setAttribute for GestationalDiabetes Birth
10:00:15 00106 INFO: Pathway GestationalDiabetes.json has been converted to json successfully.
