10:02:10 NOTE  title :Individuals Count of Events
10:02:10 NOTE  xlabels :['00: Joshua Gibbs', '01: Luca Carr', '02: Caitlin Bevan', '03: Kyle Baker', '04: Poppy Turnbull', '05: Billy Sharp', '06: Taylor Armstrong', '07: Zara Burrows', '08: Noah Field', '09: Georgina Miller', '10: Jake Winter', '11: Danielle Newton', '12: Gracie Chapman', '13: Jamie Wall', '14: Millie Gardner', '15: Lauren Haynes', '16: Muhammad Warren', '17: Daisy Kirk', '18: Taylor Wells', '19: Hollie Newman', '20: Naomi Gibbs', '21: Eve Porter', '22: Sam Bruce', '23: Yasmin Sullivan', '24: Jayden Cooke', '25: Oliver Coles', '26: Aaron May', '27: Kieran Henderson', '28: Jodie Steele', '29: Oscar Barber', '30: Anna Brady', '31: Samuel Richardson', '32: Edward Brown', '33: Lydia Griffin', '34: Benjamin Moran', '35: Rosie Goodwin', '36: Cameron Walsh', '37: Leon Parkin', '38: Jessica Hawkins', '39: Jack Vincent', '40: Hannah Lucas', '41: Amber Farmer', '42: Madison Hilton', '43: Harry Howe', '44: Maddison Wilkins', '45: Charlie Baxter', '46: Nathan Cameron', '47: Jasmine Whittaker', '48: Jack McLean', '49: Logan Burgess', '50: Eloise Hartley']
10:02:10 NOTE  ylabels :['GestationalDiabetes:Birth', 'GestationalDiabetes:Male', 'GestationalDiabetes:ConceiveFirstChild', 'GestationalDiabetes:GPvisit', 'GestationalDiabetes:Childless']
10:02:10 NOTE  data :{'index': array([ 53,   6,  26,  66, 106,  19,  89,  14,  59, 102,  85,  24,  55,
         8,  45,  74,  93,  42, 110,  47,  76, 117,  33,  51,   2,  78,
         1,  95, 114,  37,  43,  73,  40, 113, 101,  13,  84,  64,  23,
        92,  39, 109,  56,  10,  31,  91, 108, 100,  17,  83,  88,  29,
       105,  22,  63,   5,  81,  98,  60,  15,  54,   7,  35,  70,  11,
        57,  97,  80,   4,  12,  58,  86,  16, 103,  18,  61,  25,  65,
        20, 112,  34,  69, 118,  49,  46,  75,  77,  48, 115,  30,  67,
        27,  50, 111,  94,  82,  99,   9,  87,  28, 104,  72,  41, 116,
        44,  36,  71,  52,   3,  79,  96,   0,  21,  62,  32,  68,  38,
        90, 107]), 'Pathway:Node': array(['GestationalDiabetes:Male', 'GestationalDiabetes:Birth',
       'GestationalDiabetes:Birth', 'GestationalDiabetes:Male',
       'GestationalDiabetes:GPvisit', 'GestationalDiabetes:Birth',
       'GestationalDiabetes:ConceiveFirstChild',
       'GestationalDiabetes:Birth', 'GestationalDiabetes:Male',
       'GestationalDiabetes:GPvisit',
       'GestationalDiabetes:ConceiveFirstChild',
       'GestationalDiabetes:Birth', 'GestationalDiabetes:Male',
       'GestationalDiabetes:Birth', 'GestationalDiabetes:Birth',
       'GestationalDiabetes:Male',
       'GestationalDiabetes:ConceiveFirstChild',
       'GestationalDiabetes:Birth', 'GestationalDiabetes:GPvisit',
       'GestationalDiabetes:Birth', 'GestationalDiabetes:Male',
       'GestationalDiabetes:Childless', 'GestationalDiabetes:Birth',
       'GestationalDiabetes:Male', 'GestationalDiabetes:Birth',
       'GestationalDiabetes:ConceiveFirstChild',
       'GestationalDiabetes:Birth', 'GestationalDiabetes:GPvisit',
       'GestationalDiabetes:Childless', 'GestationalDiabetes:Birth',
       'GestationalDiabetes:Birth', 'GestationalDiabetes:Male',
       'GestationalDiabetes:Birth', 'GestationalDiabetes:Childless',
       'GestationalDiabetes:GPvisit', 'GestationalDiabetes:Birth',
       'GestationalDiabetes:ConceiveFirstChild',
       'GestationalDiabetes:Male', 'GestationalDiabetes:Birth',
       'GestationalDiabetes:ConceiveFirstChild',
       'GestationalDiabetes:Birth', 'GestationalDiabetes:GPvisit',
       'GestationalDiabetes:Male', 'GestationalDiabetes:Birth',
       'GestationalDiabetes:Birth',
       'GestationalDiabetes:ConceiveFirstChild',
       'GestationalDiabetes:GPvisit', 'GestationalDiabetes:GPvisit',
       'GestationalDiabetes:Birth',
       'GestationalDiabetes:ConceiveFirstChild',
       'GestationalDiabetes:ConceiveFirstChild',
       'GestationalDiabetes:Birth', 'GestationalDiabetes:GPvisit',
       'GestationalDiabetes:Birth', 'GestationalDiabetes:Male',
       'GestationalDiabetes:Birth',
       'GestationalDiabetes:ConceiveFirstChild',
       'GestationalDiabetes:GPvisit', 'GestationalDiabetes:Male',
       'GestationalDiabetes:Birth', 'GestationalDiabetes:Male',
       'GestationalDiabetes:Birth', 'GestationalDiabetes:Birth',
       'GestationalDiabetes:Male', 'GestationalDiabetes:Birth',
       'GestationalDiabetes:Male', 'GestationalDiabetes:GPvisit',
       'GestationalDiabetes:ConceiveFirstChild',
       'GestationalDiabetes:Birth', 'GestationalDiabetes:Birth',
       'GestationalDiabetes:Male',
       'GestationalDiabetes:ConceiveFirstChild',
       'GestationalDiabetes:Birth', 'GestationalDiabetes:GPvisit',
       'GestationalDiabetes:Birth', 'GestationalDiabetes:Male',
       'GestationalDiabetes:Birth', 'GestationalDiabetes:Male',
       'GestationalDiabetes:Birth', 'GestationalDiabetes:Childless',
       'GestationalDiabetes:Birth', 'GestationalDiabetes:Male',
       'GestationalDiabetes:Childless', 'GestationalDiabetes:Birth',
       'GestationalDiabetes:Birth', 'GestationalDiabetes:Male',
       'GestationalDiabetes:Male', 'GestationalDiabetes:Birth',
       'GestationalDiabetes:Childless', 'GestationalDiabetes:Birth',
       'GestationalDiabetes:Male', 'GestationalDiabetes:Birth',
       'GestationalDiabetes:Birth', 'GestationalDiabetes:GPvisit',
       'GestationalDiabetes:ConceiveFirstChild',
       'GestationalDiabetes:ConceiveFirstChild',
       'GestationalDiabetes:GPvisit', 'GestationalDiabetes:Birth',
       'GestationalDiabetes:ConceiveFirstChild',
       'GestationalDiabetes:Birth', 'GestationalDiabetes:GPvisit',
       'GestationalDiabetes:Male', 'GestationalDiabetes:Birth',
       'GestationalDiabetes:Childless', 'GestationalDiabetes:Birth',
       'GestationalDiabetes:Birth', 'GestationalDiabetes:Male',
       'GestationalDiabetes:Male', 'GestationalDiabetes:Birth',
       'GestationalDiabetes:ConceiveFirstChild',
       'GestationalDiabetes:GPvisit', 'GestationalDiabetes:Birth',
       'GestationalDiabetes:Birth', 'GestationalDiabetes:Male',
       'GestationalDiabetes:Birth', 'GestationalDiabetes:Male',
       'GestationalDiabetes:Birth',
       'GestationalDiabetes:ConceiveFirstChild',
       'GestationalDiabetes:GPvisit'], dtype=object), 'Person': array(['00: Joshua Gibbs', '00: Joshua Gibbs', '01: Luca Carr',
       '01: Luca Carr', '02: Caitlin Bevan', '02: Caitlin Bevan',
       '02: Caitlin Bevan', '03: Kyle Baker', '03: Kyle Baker',
       '04: Poppy Turnbull', '04: Poppy Turnbull', '04: Poppy Turnbull',
       '05: Billy Sharp', '05: Billy Sharp', '06: Taylor Armstrong',
       '06: Taylor Armstrong', '07: Zara Burrows', '07: Zara Burrows',
       '07: Zara Burrows', '08: Noah Field', '08: Noah Field',
       '09: Georgina Miller', '09: Georgina Miller', '10: Jake Winter',
       '10: Jake Winter', '11: Danielle Newton', '11: Danielle Newton',
       '11: Danielle Newton', '12: Gracie Chapman', '12: Gracie Chapman',
       '13: Jamie Wall', '13: Jamie Wall', '14: Millie Gardner',
       '14: Millie Gardner', '15: Lauren Haynes', '15: Lauren Haynes',
       '15: Lauren Haynes', '16: Muhammad Warren', '16: Muhammad Warren',
       '17: Daisy Kirk', '17: Daisy Kirk', '17: Daisy Kirk',
       '18: Taylor Wells', '18: Taylor Wells', '19: Hollie Newman',
       '19: Hollie Newman', '19: Hollie Newman', '20: Naomi Gibbs',
       '20: Naomi Gibbs', '20: Naomi Gibbs', '21: Eve Porter',
       '21: Eve Porter', '21: Eve Porter', '22: Sam Bruce',
       '22: Sam Bruce', '23: Yasmin Sullivan', '23: Yasmin Sullivan',
       '23: Yasmin Sullivan', '24: Jayden Cooke', '24: Jayden Cooke',
       '25: Oliver Coles', '25: Oliver Coles', '26: Aaron May',
       '26: Aaron May', '27: Kieran Henderson', '27: Kieran Henderson',
       '28: Jodie Steele', '28: Jodie Steele', '28: Jodie Steele',
       '29: Oscar Barber', '29: Oscar Barber', '30: Anna Brady',
       '30: Anna Brady', '30: Anna Brady', '31: Samuel Richardson',
       '31: Samuel Richardson', '32: Edward Brown', '32: Edward Brown',
       '33: Lydia Griffin', '33: Lydia Griffin', '34: Benjamin Moran',
       '34: Benjamin Moran', '35: Rosie Goodwin', '35: Rosie Goodwin',
       '36: Cameron Walsh', '36: Cameron Walsh', '37: Leon Parkin',
       '37: Leon Parkin', '38: Jessica Hawkins', '38: Jessica Hawkins',
       '39: Jack Vincent', '39: Jack Vincent', '40: Hannah Lucas',
       '40: Hannah Lucas', '40: Hannah Lucas', '41: Amber Farmer',
       '41: Amber Farmer', '41: Amber Farmer', '42: Madison Hilton',
       '42: Madison Hilton', '42: Madison Hilton', '43: Harry Howe',
       '43: Harry Howe', '44: Maddison Wilkins', '44: Maddison Wilkins',
       '45: Charlie Baxter', '45: Charlie Baxter', '46: Nathan Cameron',
       '46: Nathan Cameron', '47: Jasmine Whittaker',
       '47: Jasmine Whittaker', '47: Jasmine Whittaker',
       '48: Jack McLean', '48: Jack McLean', '49: Logan Burgess',
       '49: Logan Burgess', '50: Eloise Hartley', '50: Eloise Hartley',
       '50: Eloise Hartley'], dtype=object), 'Count': array([1, 5, 5, 1, 2, 5, 1, 7, 1, 1, 1, 6, 1, 5, 5, 1, 1, 6, 2, 5, 1, 1,
       5, 1, 6, 1, 6, 3, 1, 6, 5, 1, 5, 1, 4, 6, 1, 1, 6, 1, 5, 4, 1, 5,
       5, 1, 2, 1, 5, 1, 1, 6, 3, 6, 1, 5, 1, 4, 1, 5, 1, 5, 5, 1, 5, 1,
       4, 1, 6, 6, 1, 1, 6, 2, 6, 1, 6, 1, 5, 1, 5, 1, 1, 6, 5, 1, 1, 5,
       1, 6, 1, 5, 6, 3, 1, 1, 3, 5, 1, 6, 2, 1, 5, 1, 6, 5, 1, 1, 5, 1,
       4, 6, 5, 1, 5, 1, 6, 1, 4]), 'ScaledSize': array([ 4.28571429, 21.42857143, 21.42857143,  4.28571429,  8.57142857,
       21.42857143,  4.28571429, 30.        ,  4.28571429,  4.28571429,
        4.28571429, 25.71428571,  4.28571429, 21.42857143, 21.42857143,
        4.28571429,  4.28571429, 25.71428571,  8.57142857, 21.42857143,
        4.28571429,  4.28571429, 21.42857143,  4.28571429, 25.71428571,
        4.28571429, 25.71428571, 12.85714286,  4.28571429, 25.71428571,
       21.42857143,  4.28571429, 21.42857143,  4.28571429, 17.14285714,
       25.71428571,  4.28571429,  4.28571429, 25.71428571,  4.28571429,
       21.42857143, 17.14285714,  4.28571429, 21.42857143, 21.42857143,
        4.28571429,  8.57142857,  4.28571429, 21.42857143,  4.28571429,
        4.28571429, 25.71428571, 12.85714286, 25.71428571,  4.28571429,
       21.42857143,  4.28571429, 17.14285714,  4.28571429, 21.42857143,
        4.28571429, 21.42857143, 21.42857143,  4.28571429, 21.42857143,
        4.28571429, 17.14285714,  4.28571429, 25.71428571, 25.71428571,
        4.28571429,  4.28571429, 25.71428571,  8.57142857, 25.71428571,
        4.28571429, 25.71428571,  4.28571429, 21.42857143,  4.28571429,
       21.42857143,  4.28571429,  4.28571429, 25.71428571, 21.42857143,
        4.28571429,  4.28571429, 21.42857143,  4.28571429, 25.71428571,
        4.28571429, 21.42857143, 25.71428571, 12.85714286,  4.28571429,
        4.28571429, 12.85714286, 21.42857143,  4.28571429, 25.71428571,
        8.57142857,  4.28571429, 21.42857143,  4.28571429, 25.71428571,
       21.42857143,  4.28571429,  4.28571429, 21.42857143,  4.28571429,
       17.14285714, 25.71428571, 21.42857143,  4.28571429, 21.42857143,
        4.28571429, 25.71428571,  4.28571429, 17.14285714])}
10:02:10 NOTE  title :Events by Decade
10:02:10 NOTE  xlabels :['1920', '1930', '1940', '1950', '1960', '1970', '1980', '1990', '2000', '2010', '2020', '2030', '2040', '2050']
10:02:10 NOTE  ylabels :['GestationalDiabetes:Birth', 'GestationalDiabetes:Male', 'GestationalDiabetes:ConceiveFirstChild', 'GestationalDiabetes:GPvisit', 'GestationalDiabetes:Childless']
10:02:10 NOTE  data :{'index': array([ 0,  1,  2,  3,  4,  5,  6,  7,  8,  9, 10, 11, 12, 13, 14, 15, 16,
       17, 18, 19, 20, 21, 22, 23, 24, 25, 26, 27, 28, 29, 30, 31, 32, 33,
       34, 35, 36, 37, 38, 39]), 'Pathway:Node': array(['GestationalDiabetes:Birth', 'GestationalDiabetes:Birth',
       'GestationalDiabetes:Birth', 'GestationalDiabetes:Birth',
       'GestationalDiabetes:Birth', 'GestationalDiabetes:Birth',
       'GestationalDiabetes:Birth', 'GestationalDiabetes:Birth',
       'GestationalDiabetes:Birth', 'GestationalDiabetes:Birth',
       'GestationalDiabetes:Male', 'GestationalDiabetes:Male',
       'GestationalDiabetes:Male', 'GestationalDiabetes:Male',
       'GestationalDiabetes:Male', 'GestationalDiabetes:Male',
       'GestationalDiabetes:Male', 'GestationalDiabetes:Male',
       'GestationalDiabetes:Male', 'GestationalDiabetes:Male',
       'GestationalDiabetes:ConceiveFirstChild',
       'GestationalDiabetes:ConceiveFirstChild',
       'GestationalDiabetes:ConceiveFirstChild',
       'GestationalDiabetes:ConceiveFirstChild',
       'GestationalDiabetes:ConceiveFirstChild',
       'GestationalDiabetes:ConceiveFirstChild',
       'GestationalDiabetes:ConceiveFirstChild',
       'GestationalDiabetes:ConceiveFirstChild',
       'GestationalDiabetes:GPvisit', 'GestationalDiabetes:GPvisit',
       'GestationalDiabetes:GPvisit', 'GestationalDiabetes:GPvisit',
       'GestationalDiabetes:GPvisit', 'GestationalDiabetes:GPvisit',
       'GestationalDiabetes:GPvisit', 'GestationalDiabetes:GPvisit',
       'GestationalDiabetes:Childless', 'GestationalDiabetes:Childless',
       'GestationalDiabetes:Childless', 'GestationalDiabetes:Childless'],
      dtype=object), 'Date': array(['1920', '1930', '1940', '1950', '1960', '1970', '1980', '1990',
       '2000', '2010', '1920', '1930', '1940', '1950', '1960', '1970',
       '1980', '1990', '2000', '2010', '1960', '1980', '1990', '2000',
       '2010', '2020', '2030', '2040', '1960', '1980', '1990', '2000',
       '2010', '2020', '2030', '2040', '2010', '2020', '2030', '2050'],
      dtype=object), 'UniqueCount': array([ 3,  1,  4,  2,  7,  4, 10,  9,  6,  5,  1,  1,  2,  1,  5,  1,  6,
        4,  3,  3,  3,  2,  2,  3,  2,  2,  2,  1,  3,  2,  2,  3,  2,  2,
        2,  1,  1,  3,  2,  1]), 'ScaledSize': array([ 9.,  3., 12.,  6., 21., 12., 30., 27., 18., 15.,  3.,  3.,  6.,
        3., 15.,  3., 18., 12.,  9.,  9.,  9.,  6.,  6.,  9.,  6.,  6.,
        6.,  3.,  9.,  6.,  6.,  9.,  6.,  6.,  6.,  3.,  3.,  9.,  6.,
        3.])}
10:02:10 NOTE  title :Individuals Events Over Time
10:02:10 NOTE  xlabels :None
10:02:10 NOTE  ylabels :['GestationalDiabetes:Birth', 'GestationalDiabetes:Male', 'GestationalDiabetes:ConceiveFirstChild', 'GestationalDiabetes:GPvisit', 'GestationalDiabetes:Childless']
10:02:10 NOTE  data :{'index': array([  0,   1,   2,   3,   4,   5,   6,   7,   8,   9,  10,  11,  12,
        13,  14,  15,  16,  17,  18,  19,  20,  21,  22,  23,  24,  25,
        26,  27,  28,  29,  30,  31,  32,  33,  34,  35,  36,  37,  38,
        39,  40,  41,  42,  43,  44,  45,  46,  47,  48,  49,  50,  51,
        52,  53,  54,  55,  56,  57,  58,  59,  60,  61,  62,  63,  64,
        65,  66,  67,  68,  69,  70,  71,  72,  73,  74,  75,  76,  77,
        78,  79,  80,  81,  82,  83,  84,  85,  86,  87,  88,  89,  90,
        91,  92,  93,  94,  95,  96,  97,  98,  99, 100, 101, 102, 103,
       104, 105, 106, 107, 108, 109, 110, 111, 112, 113, 114, 115, 116,
       117, 118]), 'Pathway:Node': array(['GestationalDiabetes:Birth', 'GestationalDiabetes:Birth',
       'GestationalDiabetes:Birth', 'GestationalDiabetes:Birth',
       'GestationalDiabetes:Birth', 'GestationalDiabetes:Birth',
       'GestationalDiabetes:Birth', 'GestationalDiabetes:Birth',
       'GestationalDiabetes:Birth', 'GestationalDiabetes:Birth',
       'GestationalDiabetes:Birth', 'GestationalDiabetes:Birth',
       'GestationalDiabetes:Birth', 'GestationalDiabetes:Birth',
       'GestationalDiabetes:Birth', 'GestationalDiabetes:Birth',
       'GestationalDiabetes:Birth', 'GestationalDiabetes:Birth',
       'GestationalDiabetes:Birth', 'GestationalDiabetes:Birth',
       'GestationalDiabetes:Birth', 'GestationalDiabetes:Birth',
       'GestationalDiabetes:Birth', 'GestationalDiabetes:Birth',
       'GestationalDiabetes:Birth', 'GestationalDiabetes:Birth',
       'GestationalDiabetes:Birth', 'GestationalDiabetes:Birth',
       'GestationalDiabetes:Birth', 'GestationalDiabetes:Birth',
       'GestationalDiabetes:Birth', 'GestationalDiabetes:Birth',
       'GestationalDiabetes:Birth', 'GestationalDiabetes:Birth',
       'GestationalDiabetes:Birth', 'GestationalDiabetes:Birth',
       'GestationalDiabetes:Birth', 'GestationalDiabetes:Birth',
       'GestationalDiabetes:Birth', 'GestationalDiabetes:Birth',
       'GestationalDiabetes:Birth', 'GestationalDiabetes:Birth',
       'GestationalDiabetes:Birth', 'GestationalDiabetes:Birth',
       'GestationalDiabetes:Birth', 'GestationalDiabetes:Birth',
       'GestationalDiabetes:Birth', 'GestationalDiabetes:Birth',
       'GestationalDiabetes:Birth', 'GestationalDiabetes:Birth',
       'GestationalDiabetes:Birth', 'GestationalDiabetes:Male',
       'GestationalDiabetes:Male', 'GestationalDiabetes:Male',
       'GestationalDiabetes:Male', 'GestationalDiabetes:Male',
       'GestationalDiabetes:Male', 'GestationalDiabetes:Male',
       'GestationalDiabetes:Male', 'GestationalDiabetes:Male',
       'GestationalDiabetes:Male', 'GestationalDiabetes:Male',
       'GestationalDiabetes:Male', 'GestationalDiabetes:Male',
       'GestationalDiabetes:Male', 'GestationalDiabetes:Male',
       'GestationalDiabetes:Male', 'GestationalDiabetes:Male',
       'GestationalDiabetes:Male', 'GestationalDiabetes:Male',
       'GestationalDiabetes:Male', 'GestationalDiabetes:Male',
       'GestationalDiabetes:Male', 'GestationalDiabetes:Male',
       'GestationalDiabetes:Male', 'GestationalDiabetes:Male',
       'GestationalDiabetes:Male', 'GestationalDiabetes:Male',
       'GestationalDiabetes:ConceiveFirstChild',
       'GestationalDiabetes:ConceiveFirstChild',
       'GestationalDiabetes:ConceiveFirstChild',
       'GestationalDiabetes:ConceiveFirstChild',
       'GestationalDiabetes:ConceiveFirstChild',
       'GestationalDiabetes:ConceiveFirstChild',
       'GestationalDiabetes:ConceiveFirstChild',
       'GestationalDiabetes:ConceiveFirstChild',
       'GestationalDiabetes:ConceiveFirstChild',
       'GestationalDiabetes:ConceiveFirstChild',
       'GestationalDiabetes:ConceiveFirstChild',
       'GestationalDiabetes:ConceiveFirstChild',
       'GestationalDiabetes:ConceiveFirstChild',
       'GestationalDiabetes:ConceiveFirstChild',
       'GestationalDiabetes:ConceiveFirstChild',
       'GestationalDiabetes:ConceiveFirstChild',
       'GestationalDiabetes:ConceiveFirstChild',
       'GestationalDiabetes:GPvisit', 'GestationalDiabetes:GPvisit',
       'GestationalDiabetes:GPvisit', 'GestationalDiabetes:GPvisit',
       'GestationalDiabetes:GPvisit', 'GestationalDiabetes:GPvisit',
       'GestationalDiabetes:GPvisit', 'GestationalDiabetes:GPvisit',
       'GestationalDiabetes:GPvisit', 'GestationalDiabetes:GPvisit',
       'GestationalDiabetes:GPvisit', 'GestationalDiabetes:GPvisit',
       'GestationalDiabetes:GPvisit', 'GestationalDiabetes:GPvisit',
       'GestationalDiabetes:GPvisit', 'GestationalDiabetes:GPvisit',
       'GestationalDiabetes:GPvisit', 'GestationalDiabetes:Childless',
       'GestationalDiabetes:Childless', 'GestationalDiabetes:Childless',
       'GestationalDiabetes:Childless', 'GestationalDiabetes:Childless',
       'GestationalDiabetes:Childless', 'GestationalDiabetes:Childless'],
      dtype=object), 'Date': array(['1924-06-28T00:00:00.000000000', '1925-08-16T00:00:00.000000000',
       '1928-08-24T00:00:00.000000000', '1931-03-04T00:00:00.000000000',
       '1941-02-16T00:00:00.000000000', '1942-01-14T00:00:00.000000000',
       '1946-06-07T00:00:00.000000000', '1946-08-16T00:00:00.000000000',
       '1953-07-31T00:00:00.000000000', '1957-10-08T00:00:00.000000000',
       '1960-03-20T00:00:00.000000000', '1960-11-20T00:00:00.000000000',
       '1963-12-18T00:00:00.000000000', '1966-10-27T00:00:00.000000000',
       '1967-04-15T00:00:00.000000000', '1967-10-24T00:00:00.000000000',
       '1969-11-02T00:00:00.000000000', '1970-04-23T00:00:00.000000000',
       '1975-05-12T00:00:00.000000000', '1976-12-04T00:00:00.000000000',
       '1977-12-22T00:00:00.000000000', '1980-06-08T00:00:00.000000000',
       '1980-07-12T00:00:00.000000000', '1982-01-27T00:00:00.000000000',
       '1982-04-14T00:00:00.000000000', '1982-10-31T00:00:00.000000000',
       '1983-10-29T00:00:00.000000000', '1983-12-27T00:00:00.000000000',
       '1984-05-03T00:00:00.000000000', '1985-03-30T00:00:00.000000000',
       '1987-08-13T00:00:00.000000000', '1990-11-22T00:00:00.000000000',
       '1991-08-04T00:00:00.000000000', '1992-01-28T00:00:00.000000000',
       '1992-07-05T00:00:00.000000000', '1992-12-03T00:00:00.000000000',
       '1993-03-25T00:00:00.000000000', '1996-09-25T00:00:00.000000000',
       '1997-01-09T00:00:00.000000000', '1998-08-24T00:00:00.000000000',
       '2000-02-15T00:00:00.000000000', '2000-07-17T00:00:00.000000000',
       '2001-06-16T00:00:00.000000000', '2003-03-01T00:00:00.000000000',
       '2003-03-19T00:00:00.000000000', '2003-03-27T00:00:00.000000000',
       '2010-02-13T00:00:00.000000000', '2010-03-15T00:00:00.000000000',
       '2012-01-17T00:00:00.000000000', '2015-07-03T00:00:00.000000000',
       '2017-08-08T00:00:00.000000000', '1928-08-24T00:00:00.000000000',
       '1931-03-04T00:00:00.000000000', '1946-06-07T00:00:00.000000000',
       '1946-08-16T00:00:00.000000000', '1953-07-31T00:00:00.000000000',
       '1960-03-20T00:00:00.000000000', '1960-11-20T00:00:00.000000000',
       '1963-12-18T00:00:00.000000000', '1967-04-15T00:00:00.000000000',
       '1967-10-24T00:00:00.000000000', '1975-05-12T00:00:00.000000000',
       '1980-06-08T00:00:00.000000000', '1980-07-12T00:00:00.000000000',
       '1982-01-27T00:00:00.000000000', '1982-10-31T00:00:00.000000000',
       '1983-10-29T00:00:00.000000000', '1983-12-27T00:00:00.000000000',
       '1991-08-04T00:00:00.000000000', '1992-07-05T00:00:00.000000000',
       '1992-12-03T00:00:00.000000000', '1993-03-25T00:00:00.000000000',
       '2000-07-17T00:00:00.000000000', '2003-03-01T00:00:00.000000000',
       '2003-03-27T00:00:00.000000000', '2010-02-13T00:00:00.000000000',
       '2010-03-15T00:00:00.000000000', '2012-01-17T00:00:00.000000000',
       '1961-07-05T00:00:00.000000000', '1965-09-23T00:00:00.000000000',
       '1968-06-06T00:00:00.000000000', '1981-09-07T00:00:00.000000000',
       '1987-02-08T00:00:00.000000000', '1992-07-13T00:00:00.000000000',
       '1996-12-30T00:00:00.000000000', '2001-12-13T00:00:00.000000000',
       '2003-10-02T00:00:00.000000000', '2009-04-16T00:00:00.000000000',
       '2014-07-18T00:00:00.000000000', '2017-02-25T00:00:00.000000000',
       '2024-03-21T00:00:00.000000000', '2024-05-18T00:00:00.000000000',
       '2030-10-15T00:00:00.000000000', '2037-12-16T00:00:00.000000000',
       '2048-10-12T00:00:00.000000000', '1961-09-24T00:00:00.000000000',
       '1965-11-19T00:00:00.000000000', '1968-08-20T00:00:00.000000000',
       '1981-11-08T00:00:00.000000000', '1987-04-30T00:00:00.000000000',
       '1992-10-01T00:00:00.000000000', '1997-03-05T00:00:00.000000000',
       '2002-02-28T00:00:00.000000000', '2003-12-03T00:00:00.000000000',
       '2009-06-17T00:00:00.000000000', '2014-10-08T00:00:00.000000000',
       '2017-05-14T00:00:00.000000000', '2024-05-30T00:00:00.000000000',
       '2024-08-02T00:00:00.000000000', '2030-12-29T00:00:00.000000000',
       '2038-02-10T00:00:00.000000000', '2048-12-11T00:00:00.000000000',
       '2013-03-12T00:00:00.000000000', '2025-04-14T00:00:00.000000000',
       '2028-01-01T00:00:00.000000000', '2028-07-21T00:00:00.000000000',
       '2032-04-29T00:00:00.000000000', '2033-05-17T00:00:00.000000000',
       '2059-02-02T00:00:00.000000000'], dtype='datetime64[ns]'), 'PID': array(['47', '11', '10', '46', '28', '23', '0', '25', '5', '41', '18',
       '27', '29', '15', '3', '24', '30', '20', '31', '2', '33', '48',
       '22', '16', '4', '32', '1', '39', '42', '21', '38', '19', '49',
       '9', '34', '26', '45', '12', '50', '17', '14', '43', '7', '13',
       '44', '6', '36', '8', '37', '35', '40', '10', '46', '0', '25', '5',
       '18', '27', '29', '3', '24', '31', '48', '22', '16', '32', '1',
       '39', '49', '34', '26', '45', '43', '13', '6', '36', '8', '37',
       '11', '47', '28', '23', '41', '20', '15', '4', '30', '42', '21',
       '2', '50', '19', '17', '7', '40', '11', '47', '28', '23', '41',
       '20', '15', '4', '30', '42', '21', '2', '50', '19', '17', '7',
       '40', '33', '14', '12', '38', '44', '9', '35'], dtype=object)}
