10:00:12 00001 INFO: Starting...
10:00:12 00111 INFO: Creating 50 patients.
10:00:12 00112 INFO: Reading file: FakeNameGeneratorShr.csv.
10:00:12 00113 INFO: Found name generator file: FakeNameGeneratorShr.csv
10:00:12 00112 INFO: Reading file: PopulationStatistics.csv.
10:00:12 00113 INFO: Found domain statistics file: PopulationStatistics.csv
10:00:12 00112 INFO: Reading file: ShrewsburyStats.csv.
10:00:12 00113 INFO: Found area statistics file: ShrewsburyStats.csv
10:00:12 00114 INFO: Dealing with area type: Ward
10:00:15 00101 INFO: Adding pathway file 'GestationalDiabetes.bpmn' to validation list
10:00:15 00115 INFO: Files validated for information items. Checking files dependencies...
10:00:15 00107 INFO: Validating pathways.
10:00:15 00108 INFO: Importing pathway file Resources/Files/Pathway/BPMN/GestationalDiabetes.bpmn
10:00:15 00109 INFO: Pathways validated.
10:00:15 00110 INFO: Importing pathways successful.
10:00:15 NOTE  person being put onto pathway :47 : GestationalDiabetes
10:00:17 NOTE  person being put onto pathway :11 : GestationalDiabetes
10:00:19 NOTE  person being put onto pathway :10 : GestationalDiabetes
10:00:22 NOTE  person being put onto pathway :46 : GestationalDiabetes
10:00:24 NOTE  person being put onto pathway :28 : GestationalDiabetes
10:00:26 NOTE  person being put onto pathway :23 : GestationalDiabetes
10:00:28 NOTE  person being put onto pathway :0 : GestationalDiabetes
10:00:29 NOTE  person being put onto pathway :25 : GestationalDiabetes
10:00:31 NOTE  person being put onto pathway :5 : GestationalDiabetes
10:00:33 NOTE  person being put onto pathway :41 : GestationalDiabetes
10:00:35 NOTE  person being put onto pathway :18 : GestationalDiabetes
10:00:36 NOTE  person being put onto pathway :27 : GestationalDiabetes
10:00:39 NOTE  person being put onto pathway :29 : GestationalDiabetes
10:00:43 NOTE  person being put onto pathway :15 : GestationalDiabetes
10:00:45 NOTE  person being put onto pathway :3 : GestationalDiabetes
10:00:48 NOTE  person being put onto pathway :24 : GestationalDiabetes
10:00:51 NOTE  person being put onto pathway :30 : GestationalDiabetes
10:00:53 NOTE  person being put onto pathway :20 : GestationalDiabetes
10:00:55 NOTE  person being put onto pathway :31 : GestationalDiabetes
10:00:57 NOTE  person being put onto pathway :2 : GestationalDiabetes
10:00:59 NOTE  person being put onto pathway :33 : GestationalDiabetes
10:01:01 NOTE  person being put onto pathway :48 : GestationalDiabetes
10:01:02 NOTE  person being put onto pathway :22 : GestationalDiabetes
10:01:06 NOTE  person being put onto pathway :16 : GestationalDiabetes
10:01:08 NOTE  person being put onto pathway :4 : GestationalDiabetes
10:01:10 NOTE  person being put onto pathway :32 : GestationalDiabetes
10:01:13 NOTE  person being put onto pathway :1 : GestationalDiabetes
10:01:14 NOTE  person being put onto pathway :39 : GestationalDiabetes
10:01:16 NOTE  person being put onto pathway :42 : GestationalDiabetes
10:01:18 NOTE  person being put onto pathway :21 : GestationalDiabetes
10:01:22 NOTE  person being put onto pathway :38 : GestationalDiabetes
10:01:24 NOTE  person being put onto pathway :19 : GestationalDiabetes
10:01:26 NOTE  person being put onto pathway :49 : GestationalDiabetes
10:01:27 NOTE  person being put onto pathway :9 : GestationalDiabetes
10:01:29 NOTE  person being put onto pathway :34 : GestationalDiabetes
10:01:31 NOTE  person being put onto pathway :26 : GestationalDiabetes
10:01:33 NOTE  person being put onto pathway :45 : GestationalDiabetes
10:01:34 NOTE  person being put onto pathway :12 : GestationalDiabetes
10:01:37 NOTE  person being put onto pathway :50 : GestationalDiabetes
10:01:40 NOTE  person being put onto pathway :17 : GestationalDiabetes
10:01:42 NOTE  person being put onto pathway :14 : GestationalDiabetes
10:01:44 NOTE  person being put onto pathway :43 : GestationalDiabetes
10:01:45 NOTE  person being put onto pathway :7 : GestationalDiabetes
10:01:48 NOTE  person being put onto pathway :13 : GestationalDiabetes
10:01:49 NOTE  person being put onto pathway :44 : GestationalDiabetes
10:01:52 NOTE  person being put onto pathway :6 : GestationalDiabetes
10:01:54 NOTE  person being put onto pathway :36 : GestationalDiabetes
10:01:56 NOTE  person being put onto pathway :8 : GestationalDiabetes
10:01:58 NOTE  person being put onto pathway :37 : GestationalDiabetes
10:02:01 NOTE  person being put onto pathway :35 : GestationalDiabetes
10:02:03 NOTE  person being put onto pathway :40 : GestationalDiabetes
10:02:10 NOTE  Time elapsed: 118 seconds
