18:07:14 NOTE  title :Individuals Count of Events
18:07:14 NOTE  xlabels :['00: Lucas Kerr', '01: Victoria Stevenson', '02: Aaron Russell', '03: Ella Cooke', '04: Mason Turnbull', '05: Scarlett Hopkins', '06: Joshua Carr', '07: Kai Jordan', '08: Kian Chandler', '09: Joshua Little', '10: Sophia Brown', '11: George Elliott', '12: Adam Weston', '13: Eloise Pope', '14: Tilly Sutton', '15: Emma Black', '16: Summer Scott', '17: Alice Austin', '18: Reece Burke', '19: Joe Bruce', '20: Benjamin Kerr', '21: Megan Kemp', '22: Lucy Adams', '23: Maya Storey', '24: Morgan Hope', '25: Edward Lawson', '26: Samantha Griffiths', '27: Bethany Hayes', '28: Jay Anderson', '29: Madison Pollard', '30: Tegan Rees', '31: Amy Carroll', '32: Sam Sykes', '33: Jude Manning', '34: Finlay Carr', '35: Samuel Gould', '36: Aidan Davison', '37: Hayden Simmons', '38: Jack Warner', "39: Skye O'Brien", '40: Ewan Hawkins', '41: Noah Richardson', '42: Ryan Clements', '43: Charles Thomson', '44: Lily Mahmood', '45: Jack Newton', '46: Isabel Thompson', '47: Jasmine Griffiths', '48: Billy Frost', '49: Benjamin Bibi', '50: Andrew Gordon']
18:07:14 NOTE  ylabels :['GestationalDiabetes:Birth', 'GestationalDiabetes:Male', 'GestationalDiabetes:ConceiveFirstChild', 'GestationalDiabetes:GPvisit', 'GestationalDiabetes:Childless']
18:07:14 NOTE  data :{'index': array([ 63,  22, 107,  38,  61,  18, 103,  12,  60,  17, 112,  47,  75,
        44,  66,  25,  56,   9,  40,  72, 104,  16,  14,  59,  20,  62,
        97,  86,  30,  21, 106, 100,  89,  42,  85,  96,  27,  33,  88,
        99,   7,  54,  43,  74,  69,  32,  10,  82,  93,  37, 111, 109,
        31,   4, 102,  68,  28,   1,  81,  92,  39, 108,  65,  24,  87,
        98,  29, 101,  90,  45,  36, 110,  46,  76,  57,  11,  78,  49,
        73,  41,  64,  23,  71,  35,  13,  58,   2,  80,  91,   5,  53,
         3,  52,  55,   8,  34,  70, 105,  15,  51,   0,  84,  19,  95,
        94,  83,   6,  79,  50,  67,  26,  77,  48]), 'Pathway:Node': array(['GestationalDiabetes:Male', 'GestationalDiabetes:Birth',
       'GestationalDiabetes:Childless', 'GestationalDiabetes:Birth',
       'GestationalDiabetes:Male', 'GestationalDiabetes:Birth',
       'GestationalDiabetes:Childless', 'GestationalDiabetes:Birth',
       'GestationalDiabetes:Male', 'GestationalDiabetes:Birth',
       'GestationalDiabetes:Childless', 'GestationalDiabetes:Birth',
       'GestationalDiabetes:Male', 'GestationalDiabetes:Birth',
       'GestationalDiabetes:Male', 'GestationalDiabetes:Birth',
       'GestationalDiabetes:Male', 'GestationalDiabetes:Birth',
       'GestationalDiabetes:Birth', 'GestationalDiabetes:Male',
       'GestationalDiabetes:Childless', 'GestationalDiabetes:Birth',
       'GestationalDiabetes:Birth', 'GestationalDiabetes:Male',
       'GestationalDiabetes:Birth', 'GestationalDiabetes:Male',
       'GestationalDiabetes:GPvisit',
       'GestationalDiabetes:ConceiveFirstChild',
       'GestationalDiabetes:Birth', 'GestationalDiabetes:Birth',
       'GestationalDiabetes:Childless', 'GestationalDiabetes:GPvisit',
       'GestationalDiabetes:ConceiveFirstChild',
       'GestationalDiabetes:Birth',
       'GestationalDiabetes:ConceiveFirstChild',
       'GestationalDiabetes:GPvisit', 'GestationalDiabetes:Birth',
       'GestationalDiabetes:Birth',
       'GestationalDiabetes:ConceiveFirstChild',
       'GestationalDiabetes:GPvisit', 'GestationalDiabetes:Birth',
       'GestationalDiabetes:Male', 'GestationalDiabetes:Birth',
       'GestationalDiabetes:Male', 'GestationalDiabetes:Male',
       'GestationalDiabetes:Birth', 'GestationalDiabetes:Birth',
       'GestationalDiabetes:ConceiveFirstChild',
       'GestationalDiabetes:GPvisit', 'GestationalDiabetes:Birth',
       'GestationalDiabetes:Childless', 'GestationalDiabetes:Childless',
       'GestationalDiabetes:Birth', 'GestationalDiabetes:Birth',
       'GestationalDiabetes:Childless', 'GestationalDiabetes:Male',
       'GestationalDiabetes:Birth', 'GestationalDiabetes:Birth',
       'GestationalDiabetes:ConceiveFirstChild',
       'GestationalDiabetes:GPvisit', 'GestationalDiabetes:Birth',
       'GestationalDiabetes:Childless', 'GestationalDiabetes:Male',
       'GestationalDiabetes:Birth',
       'GestationalDiabetes:ConceiveFirstChild',
       'GestationalDiabetes:GPvisit', 'GestationalDiabetes:Birth',
       'GestationalDiabetes:GPvisit',
       'GestationalDiabetes:ConceiveFirstChild',
       'GestationalDiabetes:Birth', 'GestationalDiabetes:Birth',
       'GestationalDiabetes:Childless', 'GestationalDiabetes:Birth',
       'GestationalDiabetes:Male', 'GestationalDiabetes:Male',
       'GestationalDiabetes:Birth', 'GestationalDiabetes:Male',
       'GestationalDiabetes:Birth', 'GestationalDiabetes:Male',
       'GestationalDiabetes:Birth', 'GestationalDiabetes:Male',
       'GestationalDiabetes:Birth', 'GestationalDiabetes:Male',
       'GestationalDiabetes:Birth', 'GestationalDiabetes:Birth',
       'GestationalDiabetes:Male', 'GestationalDiabetes:Birth',
       'GestationalDiabetes:ConceiveFirstChild',
       'GestationalDiabetes:GPvisit', 'GestationalDiabetes:Birth',
       'GestationalDiabetes:Male', 'GestationalDiabetes:Birth',
       'GestationalDiabetes:Male', 'GestationalDiabetes:Male',
       'GestationalDiabetes:Birth', 'GestationalDiabetes:Birth',
       'GestationalDiabetes:Male', 'GestationalDiabetes:Childless',
       'GestationalDiabetes:Birth', 'GestationalDiabetes:Male',
       'GestationalDiabetes:Birth',
       'GestationalDiabetes:ConceiveFirstChild',
       'GestationalDiabetes:Birth', 'GestationalDiabetes:GPvisit',
       'GestationalDiabetes:GPvisit',
       'GestationalDiabetes:ConceiveFirstChild',
       'GestationalDiabetes:Birth', 'GestationalDiabetes:Male',
       'GestationalDiabetes:Birth', 'GestationalDiabetes:Male',
       'GestationalDiabetes:Birth', 'GestationalDiabetes:Male',
       'GestationalDiabetes:Birth'], dtype=object), 'Person': array(['00: Lucas Kerr', '00: Lucas Kerr', '01: Victoria Stevenson',
       '01: Victoria Stevenson', '02: Aaron Russell', '02: Aaron Russell',
       '03: Ella Cooke', '03: Ella Cooke', '04: Mason Turnbull',
       '04: Mason Turnbull', '05: Scarlett Hopkins',
       '05: Scarlett Hopkins', '06: Joshua Carr', '06: Joshua Carr',
       '07: Kai Jordan', '07: Kai Jordan', '08: Kian Chandler',
       '08: Kian Chandler', '09: Joshua Little', '09: Joshua Little',
       '10: Sophia Brown', '10: Sophia Brown', '11: George Elliott',
       '11: George Elliott', '12: Adam Weston', '12: Adam Weston',
       '13: Eloise Pope', '13: Eloise Pope', '13: Eloise Pope',
       '14: Tilly Sutton', '14: Tilly Sutton', '15: Emma Black',
       '15: Emma Black', '15: Emma Black', '16: Summer Scott',
       '16: Summer Scott', '16: Summer Scott', '17: Alice Austin',
       '17: Alice Austin', '17: Alice Austin', '18: Reece Burke',
       '18: Reece Burke', '19: Joe Bruce', '19: Joe Bruce',
       '20: Benjamin Kerr', '20: Benjamin Kerr', '21: Megan Kemp',
       '21: Megan Kemp', '21: Megan Kemp', '22: Lucy Adams',
       '22: Lucy Adams', '23: Maya Storey', '23: Maya Storey',
       '24: Morgan Hope', '24: Morgan Hope', '25: Edward Lawson',
       '25: Edward Lawson', '26: Samantha Griffiths',
       '26: Samantha Griffiths', '26: Samantha Griffiths',
       '27: Bethany Hayes', '27: Bethany Hayes', '28: Jay Anderson',
       '28: Jay Anderson', '29: Madison Pollard', '29: Madison Pollard',
       '29: Madison Pollard', '30: Tegan Rees', '30: Tegan Rees',
       '30: Tegan Rees', '31: Amy Carroll', '31: Amy Carroll',
       '32: Sam Sykes', '32: Sam Sykes', '33: Jude Manning',
       '33: Jude Manning', '34: Finlay Carr', '34: Finlay Carr',
       '35: Samuel Gould', '35: Samuel Gould', '36: Aidan Davison',
       '36: Aidan Davison', '37: Hayden Simmons', '37: Hayden Simmons',
       '38: Jack Warner', '38: Jack Warner', "39: Skye O'Brien",
       "39: Skye O'Brien", "39: Skye O'Brien", '40: Ewan Hawkins',
       '40: Ewan Hawkins', '41: Noah Richardson', '41: Noah Richardson',
       '42: Ryan Clements', '42: Ryan Clements', '43: Charles Thomson',
       '43: Charles Thomson', '44: Lily Mahmood', '44: Lily Mahmood',
       '45: Jack Newton', '45: Jack Newton', '46: Isabel Thompson',
       '46: Isabel Thompson', '46: Isabel Thompson',
       '47: Jasmine Griffiths', '47: Jasmine Griffiths',
       '47: Jasmine Griffiths', '48: Billy Frost', '48: Billy Frost',
       '49: Benjamin Bibi', '49: Benjamin Bibi', '50: Andrew Gordon',
       '50: Andrew Gordon'], dtype=object), 'Count': array([1, 5, 1, 5, 1, 6, 1, 6, 1, 6, 1, 5, 1, 5, 1, 5, 1, 6, 6, 1, 1, 5,
       5, 1, 6, 1, 3, 1, 6, 6, 1, 4, 1, 6, 1, 4, 5, 5, 1, 1, 5, 1, 6, 1,
       1, 5, 6, 1, 1, 6, 1, 1, 6, 5, 1, 1, 6, 5, 1, 4, 6, 1, 1, 5, 1, 1,
       5, 4, 1, 5, 5, 1, 5, 1, 1, 6, 1, 6, 1, 5, 1, 6, 1, 5, 5, 1, 5, 1,
       1, 6, 1, 7, 1, 1, 6, 6, 1, 1, 5, 1, 7, 1, 5, 3, 2, 1, 5, 1, 5, 1,
       6, 1, 5]), 'ScaledSize': array([ 4.28571429, 21.42857143,  4.28571429, 21.42857143,  4.28571429,
       25.71428571,  4.28571429, 25.71428571,  4.28571429, 25.71428571,
        4.28571429, 21.42857143,  4.28571429, 21.42857143,  4.28571429,
       21.42857143,  4.28571429, 25.71428571, 25.71428571,  4.28571429,
        4.28571429, 21.42857143, 21.42857143,  4.28571429, 25.71428571,
        4.28571429, 12.85714286,  4.28571429, 25.71428571, 25.71428571,
        4.28571429, 17.14285714,  4.28571429, 25.71428571,  4.28571429,
       17.14285714, 21.42857143, 21.42857143,  4.28571429,  4.28571429,
       21.42857143,  4.28571429, 25.71428571,  4.28571429,  4.28571429,
       21.42857143, 25.71428571,  4.28571429,  4.28571429, 25.71428571,
        4.28571429,  4.28571429, 25.71428571, 21.42857143,  4.28571429,
        4.28571429, 25.71428571, 21.42857143,  4.28571429, 17.14285714,
       25.71428571,  4.28571429,  4.28571429, 21.42857143,  4.28571429,
        4.28571429, 21.42857143, 17.14285714,  4.28571429, 21.42857143,
       21.42857143,  4.28571429, 21.42857143,  4.28571429,  4.28571429,
       25.71428571,  4.28571429, 25.71428571,  4.28571429, 21.42857143,
        4.28571429, 25.71428571,  4.28571429, 21.42857143, 21.42857143,
        4.28571429, 21.42857143,  4.28571429,  4.28571429, 25.71428571,
        4.28571429, 30.        ,  4.28571429,  4.28571429, 25.71428571,
       25.71428571,  4.28571429,  4.28571429, 21.42857143,  4.28571429,
       30.        ,  4.28571429, 21.42857143, 12.85714286,  8.57142857,
        4.28571429, 21.42857143,  4.28571429, 21.42857143,  4.28571429,
       25.71428571,  4.28571429, 21.42857143])}
18:07:14 NOTE  title :Events by Decade
18:07:14 NOTE  xlabels :['1930', '1940', '1950', '1960', '1970', '1980', '1990', '2000', '2010', '2030', '2050', '2020']
18:07:14 NOTE  ylabels :['GestationalDiabetes:Birth', 'GestationalDiabetes:Male', 'GestationalDiabetes:ConceiveFirstChild', 'GestationalDiabetes:GPvisit', 'GestationalDiabetes:Childless']
18:07:14 NOTE  data :{'index': array([ 0,  1,  2,  3,  4,  5,  6,  7,  8,  9, 10, 11, 12, 13, 14, 15, 16,
       17, 18, 19, 20, 21, 22, 23, 24, 25, 26, 27, 28, 29, 30, 31, 32, 33,
       34, 35, 36, 37, 38, 39]), 'Pathway:Node': array(['GestationalDiabetes:Birth', 'GestationalDiabetes:Birth',
       'GestationalDiabetes:Birth', 'GestationalDiabetes:Birth',
       'GestationalDiabetes:Birth', 'GestationalDiabetes:Birth',
       'GestationalDiabetes:Birth', 'GestationalDiabetes:Birth',
       'GestationalDiabetes:Birth', 'GestationalDiabetes:Male',
       'GestationalDiabetes:Male', 'GestationalDiabetes:Male',
       'GestationalDiabetes:Male', 'GestationalDiabetes:Male',
       'GestationalDiabetes:Male', 'GestationalDiabetes:Male',
       'GestationalDiabetes:Male', 'GestationalDiabetes:Male',
       'GestationalDiabetes:ConceiveFirstChild',
       'GestationalDiabetes:ConceiveFirstChild',
       'GestationalDiabetes:ConceiveFirstChild',
       'GestationalDiabetes:ConceiveFirstChild',
       'GestationalDiabetes:ConceiveFirstChild',
       'GestationalDiabetes:ConceiveFirstChild',
       'GestationalDiabetes:ConceiveFirstChild',
       'GestationalDiabetes:ConceiveFirstChild',
       'GestationalDiabetes:GPvisit', 'GestationalDiabetes:GPvisit',
       'GestationalDiabetes:GPvisit', 'GestationalDiabetes:GPvisit',
       'GestationalDiabetes:GPvisit', 'GestationalDiabetes:GPvisit',
       'GestationalDiabetes:GPvisit', 'GestationalDiabetes:GPvisit',
       'GestationalDiabetes:Childless', 'GestationalDiabetes:Childless',
       'GestationalDiabetes:Childless', 'GestationalDiabetes:Childless',
       'GestationalDiabetes:Childless', 'GestationalDiabetes:Childless'],
      dtype=object), 'Date': array(['1930', '1940', '1950', '1960', '1970', '1980', '1990', '2000',
       '2010', '1930', '1940', '1950', '1960', '1970', '1980', '1990',
       '2000', '2010', '1950', '1970', '1980', '1990', '2000', '2010',
       '2030', '2050', '1950', '1970', '1980', '1990', '2000', '2010',
       '2030', '2050', '1970', '1980', '1990', '2010', '2020', '2030'],
      dtype=object), 'UniqueCount': array([ 3,  6,  3, 10,  9,  2,  7,  5,  6,  1,  4,  2,  5,  6,  1,  2,  4,
        4,  1,  2,  1,  1,  2,  1,  2,  1,  1,  2,  1,  1,  2,  1,  2,  1,
        1,  3,  1,  1,  3,  2]), 'ScaledSize': array([ 9., 18.,  9., 30., 27.,  6., 21., 15., 18.,  3., 12.,  6., 15.,
       18.,  3.,  6., 12., 12.,  3.,  6.,  3.,  3.,  6.,  3.,  6.,  3.,
        3.,  6.,  3.,  3.,  6.,  3.,  6.,  3.,  3.,  9.,  3.,  3.,  9.,
        6.])}
18:07:14 NOTE  title :Individuals Events Over Time
18:07:14 NOTE  xlabels :None
18:07:14 NOTE  ylabels :['GestationalDiabetes:Birth', 'GestationalDiabetes:Male', 'GestationalDiabetes:ConceiveFirstChild', 'GestationalDiabetes:GPvisit', 'GestationalDiabetes:Childless']
18:07:14 NOTE  data :{'index': array([  0,   1,   2,   3,   4,   5,   6,   7,   8,   9,  10,  11,  12,
        13,  14,  15,  16,  17,  18,  19,  20,  21,  22,  23,  24,  25,
        26,  27,  28,  29,  30,  31,  32,  33,  34,  35,  36,  37,  38,
        39,  40,  41,  42,  43,  44,  45,  46,  47,  48,  49,  50,  51,
        52,  53,  54,  55,  56,  57,  58,  59,  60,  61,  62,  63,  64,
        65,  66,  67,  68,  69,  70,  71,  72,  73,  74,  75,  76,  77,
        78,  79,  80,  81,  82,  83,  84,  85,  86,  87,  88,  89,  90,
        91,  92,  93,  94,  95,  96,  97,  98,  99, 100, 101, 102, 103,
       104, 105, 106, 107, 108, 109, 110, 111, 112]), 'Pathway:Node': array(['GestationalDiabetes:Birth', 'GestationalDiabetes:Birth',
       'GestationalDiabetes:Birth', 'GestationalDiabetes:Birth',
       'GestationalDiabetes:Birth', 'GestationalDiabetes:Birth',
       'GestationalDiabetes:Birth', 'GestationalDiabetes:Birth',
       'GestationalDiabetes:Birth', 'GestationalDiabetes:Birth',
       'GestationalDiabetes:Birth', 'GestationalDiabetes:Birth',
       'GestationalDiabetes:Birth', 'GestationalDiabetes:Birth',
       'GestationalDiabetes:Birth', 'GestationalDiabetes:Birth',
       'GestationalDiabetes:Birth', 'GestationalDiabetes:Birth',
       'GestationalDiabetes:Birth', 'GestationalDiabetes:Birth',
       'GestationalDiabetes:Birth', 'GestationalDiabetes:Birth',
       'GestationalDiabetes:Birth', 'GestationalDiabetes:Birth',
       'GestationalDiabetes:Birth', 'GestationalDiabetes:Birth',
       'GestationalDiabetes:Birth', 'GestationalDiabetes:Birth',
       'GestationalDiabetes:Birth', 'GestationalDiabetes:Birth',
       'GestationalDiabetes:Birth', 'GestationalDiabetes:Birth',
       'GestationalDiabetes:Birth', 'GestationalDiabetes:Birth',
       'GestationalDiabetes:Birth', 'GestationalDiabetes:Birth',
       'GestationalDiabetes:Birth', 'GestationalDiabetes:Birth',
       'GestationalDiabetes:Birth', 'GestationalDiabetes:Birth',
       'GestationalDiabetes:Birth', 'GestationalDiabetes:Birth',
       'GestationalDiabetes:Birth', 'GestationalDiabetes:Birth',
       'GestationalDiabetes:Birth', 'GestationalDiabetes:Birth',
       'GestationalDiabetes:Birth', 'GestationalDiabetes:Birth',
       'GestationalDiabetes:Birth', 'GestationalDiabetes:Birth',
       'GestationalDiabetes:Birth', 'GestationalDiabetes:Male',
       'GestationalDiabetes:Male', 'GestationalDiabetes:Male',
       'GestationalDiabetes:Male', 'GestationalDiabetes:Male',
       'GestationalDiabetes:Male', 'GestationalDiabetes:Male',
       'GestationalDiabetes:Male', 'GestationalDiabetes:Male',
       'GestationalDiabetes:Male', 'GestationalDiabetes:Male',
       'GestationalDiabetes:Male', 'GestationalDiabetes:Male',
       'GestationalDiabetes:Male', 'GestationalDiabetes:Male',
       'GestationalDiabetes:Male', 'GestationalDiabetes:Male',
       'GestationalDiabetes:Male', 'GestationalDiabetes:Male',
       'GestationalDiabetes:Male', 'GestationalDiabetes:Male',
       'GestationalDiabetes:Male', 'GestationalDiabetes:Male',
       'GestationalDiabetes:Male', 'GestationalDiabetes:Male',
       'GestationalDiabetes:Male', 'GestationalDiabetes:Male',
       'GestationalDiabetes:Male', 'GestationalDiabetes:Male',
       'GestationalDiabetes:ConceiveFirstChild',
       'GestationalDiabetes:ConceiveFirstChild',
       'GestationalDiabetes:ConceiveFirstChild',
       'GestationalDiabetes:ConceiveFirstChild',
       'GestationalDiabetes:ConceiveFirstChild',
       'GestationalDiabetes:ConceiveFirstChild',
       'GestationalDiabetes:ConceiveFirstChild',
       'GestationalDiabetes:ConceiveFirstChild',
       'GestationalDiabetes:ConceiveFirstChild',
       'GestationalDiabetes:ConceiveFirstChild',
       'GestationalDiabetes:ConceiveFirstChild',
       'GestationalDiabetes:GPvisit', 'GestationalDiabetes:GPvisit',
       'GestationalDiabetes:GPvisit', 'GestationalDiabetes:GPvisit',
       'GestationalDiabetes:GPvisit', 'GestationalDiabetes:GPvisit',
       'GestationalDiabetes:GPvisit', 'GestationalDiabetes:GPvisit',
       'GestationalDiabetes:GPvisit', 'GestationalDiabetes:GPvisit',
       'GestationalDiabetes:GPvisit', 'GestationalDiabetes:Childless',
       'GestationalDiabetes:Childless', 'GestationalDiabetes:Childless',
       'GestationalDiabetes:Childless', 'GestationalDiabetes:Childless',
       'GestationalDiabetes:Childless', 'GestationalDiabetes:Childless',
       'GestationalDiabetes:Childless', 'GestationalDiabetes:Childless',
       'GestationalDiabetes:Childless', 'GestationalDiabetes:Childless'],
      dtype=object), 'Date': array(['1932-06-20T00:00:00.000000000', '1936-01-17T00:00:00.000000000',
       '1939-11-29T00:00:00.000000000', '1940-04-17T00:00:00.000000000',
       '1944-09-12T00:00:00.000000000', '1947-03-10T00:00:00.000000000',
       '1949-03-27T00:00:00.000000000', '1949-05-07T00:00:00.000000000',
       '1949-06-15T00:00:00.000000000', '1951-02-11T00:00:00.000000000',
       '1954-01-05T00:00:00.000000000', '1957-05-04T00:00:00.000000000',
       '1960-05-26T00:00:00.000000000', '1962-05-18T00:00:00.000000000',
       '1963-06-03T00:00:00.000000000', '1965-08-17T00:00:00.000000000',
       '1966-06-28T00:00:00.000000000', '1967-03-05T00:00:00.000000000',
       '1967-06-20T00:00:00.000000000', '1968-07-20T00:00:00.000000000',
       '1969-02-14T00:00:00.000000000', '1969-10-28T00:00:00.000000000',
       '1970-02-24T00:00:00.000000000', '1970-04-02T00:00:00.000000000',
       '1972-07-12T00:00:00.000000000', '1972-10-08T00:00:00.000000000',
       '1974-06-06T00:00:00.000000000', '1975-11-22T00:00:00.000000000',
       '1976-01-06T00:00:00.000000000', '1978-07-24T00:00:00.000000000',
       '1979-09-26T00:00:00.000000000', '1980-10-22T00:00:00.000000000',
       '1984-11-30T00:00:00.000000000', '1990-03-24T00:00:00.000000000',
       '1992-01-29T00:00:00.000000000', '1992-07-29T00:00:00.000000000',
       '1994-11-09T00:00:00.000000000', '1996-09-24T00:00:00.000000000',
       '1997-06-23T00:00:00.000000000', '1998-02-07T00:00:00.000000000',
       '2001-02-14T00:00:00.000000000', '2005-06-24T00:00:00.000000000',
       '2007-03-12T00:00:00.000000000', '2007-10-27T00:00:00.000000000',
       '2007-12-24T00:00:00.000000000', '2010-03-05T00:00:00.000000000',
       '2011-08-31T00:00:00.000000000', '2013-01-14T00:00:00.000000000',
       '2016-05-12T00:00:00.000000000', '2018-08-18T00:00:00.000000000',
       '2019-10-11T00:00:00.000000000', '1932-06-20T00:00:00.000000000',
       '1940-04-17T00:00:00.000000000', '1947-03-10T00:00:00.000000000',
       '1949-05-07T00:00:00.000000000', '1949-06-15T00:00:00.000000000',
       '1951-02-11T00:00:00.000000000', '1957-05-04T00:00:00.000000000',
       '1962-05-18T00:00:00.000000000', '1963-06-03T00:00:00.000000000',
       '1967-03-05T00:00:00.000000000', '1967-06-20T00:00:00.000000000',
       '1969-02-14T00:00:00.000000000', '1970-02-24T00:00:00.000000000',
       '1970-04-02T00:00:00.000000000', '1972-07-12T00:00:00.000000000',
       '1972-10-08T00:00:00.000000000', '1974-06-06T00:00:00.000000000',
       '1976-01-06T00:00:00.000000000', '1984-11-30T00:00:00.000000000',
       '1992-01-29T00:00:00.000000000', '1992-07-29T00:00:00.000000000',
       '2001-02-14T00:00:00.000000000', '2005-06-24T00:00:00.000000000',
       '2007-10-27T00:00:00.000000000', '2007-12-24T00:00:00.000000000',
       '2011-08-31T00:00:00.000000000', '2016-05-12T00:00:00.000000000',
       '2018-08-18T00:00:00.000000000', '2019-10-11T00:00:00.000000000',
       '1959-03-03T00:00:00.000000000', '1976-02-05T00:00:00.000000000',
       '1978-06-19T00:00:00.000000000', '1982-05-26T00:00:00.000000000',
       '1999-05-10T00:00:00.000000000', '2003-12-04T00:00:00.000000000',
       '2005-08-20T00:00:00.000000000', '2015-03-13T00:00:00.000000000',
       '2033-04-30T00:00:00.000000000', '2035-08-26T00:00:00.000000000',
       '2050-03-30T00:00:00.000000000', '1959-05-19T00:00:00.000000000',
       '1976-04-16T00:00:00.000000000', '1978-08-29T00:00:00.000000000',
       '1982-07-25T00:00:00.000000000', '1999-07-19T00:00:00.000000000',
       '2004-02-14T00:00:00.000000000', '2005-11-09T00:00:00.000000000',
       '2015-05-21T00:00:00.000000000', '2033-07-21T00:00:00.000000000',
       '2035-10-29T00:00:00.000000000', '2050-06-01T00:00:00.000000000',
       '1978-02-05T00:00:00.000000000', '1986-03-15T00:00:00.000000000',
       '1986-05-11T00:00:00.000000000', '1988-01-18T00:00:00.000000000',
       '1999-08-24T00:00:00.000000000', '2018-07-19T00:00:00.000000000',
       '2022-03-18T00:00:00.000000000', '2023-10-03T00:00:00.000000000',
       '2025-01-16T00:00:00.000000000', '2031-07-30T00:00:00.000000000',
       '2036-01-18T00:00:00.000000000'], dtype='datetime64[ns]'), 'PID': array(['45', '26', '39', '41', '24', '40', '47', '18', '42', '8', '21',
       '33', '3', '38', '11', '44', '10', '4', '2', '46', '12', '14', '0',
       '36', '28', '7', '49', '16', '25', '29', '13', '23', '20', '17',
       '43', '37', '31', '22', '1', '27', '9', '35', '15', '19', '6',
       '30', '32', '5', '50', '34', '48', '45', '41', '40', '18', '42',
       '8', '33', '38', '11', '4', '2', '12', '0', '36', '28', '7', '49',
       '25', '20', '43', '37', '9', '35', '19', '6', '32', '50', '34',
       '48', '39', '26', '21', '47', '46', '16', '13', '29', '17', '15',
       '30', '39', '26', '21', '47', '46', '16', '13', '29', '17', '15',
       '30', '24', '3', '10', '44', '14', '1', '27', '23', '31', '22',
       '5'], dtype=object)}
